[    0.000000] Linux version 4.15.0-54-generic (buildd@lgw01-amd64-014) (gcc version 7.4.0 (Ubuntu 7.4.0-1ubuntu1~18.04.1)) #58-Ubuntu SMP Mon Jun 24 10:55:24 UTC 2019 (Ubuntu 4.15.0-54.58-generic 4.15.18)
[    0.000000] Command line: BOOT_IMAGE=/boot/vmlinuz-4.15.0-54-generic root=LABEL=cloudimg-rootfs ro console=tty1 console=ttyS0
[    0.000000] KERNEL supported cpus:
[    0.000000]   Intel GenuineIntel
[    0.000000]   AMD AuthenticAMD
[    0.000000]   Centaur CentaurHauls
[    0.000000] x86/fpu: Supporting XSAVE feature 0x001: 'x87 floating point registers'
[    0.000000] x86/fpu: Supporting XSAVE feature 0x002: 'SSE registers'
[    0.000000] x86/fpu: Supporting XSAVE feature 0x004: 'AVX registers'
[    0.000000] x86/fpu: xstate_offset[2]:  576, xstate_sizes[2]:  256
[    0.000000] x86/fpu: Enabled xstate features 0x7, context size is 832 bytes, using 'standard' format.
[    0.000000] e820: BIOS-provided physical RAM map:
[    0.000000] BIOS-e820: [mem 0x0000000000000000-0x000000000009fbff] usable
[    0.000000] BIOS-e820: [mem 0x000000000009fc00-0x000000000009ffff] reserved
[    0.000000] BIOS-e820: [mem 0x00000000000f0000-0x00000000000fffff] reserved
[    0.000000] BIOS-e820: [mem 0x0000000000100000-0x000000007ffeffff] usable
[    0.000000] BIOS-e820: [mem 0x000000007fff0000-0x000000007fffffff] ACPI data
[    0.000000] BIOS-e820: [mem 0x00000000fec00000-0x00000000fec00fff] reserved
[    0.000000] BIOS-e820: [mem 0x00000000fee00000-0x00000000fee00fff] reserved
[    0.000000] BIOS-e820: [mem 0x00000000fffc0000-0x00000000ffffffff] reserved
[    0.000000] NX (Execute Disable) protection: active
[    0.000000] SMBIOS 2.5 present.
[    0.000000] DMI: innotek GmbH VirtualBox/VirtualBox, BIOS VirtualBox 12/01/2006
[    0.000000] Hypervisor detected: KVM
[    0.000000] e820: last_pfn = 0x7fff0 max_arch_pfn = 0x400000000
[    0.000000] MTRR: Disabled
[    0.000000] x86/PAT: MTRRs disabled, skipping PAT initialization too.
[    0.000000] CPU MTRRs all blank - virtualized system.
[    0.000000] x86/PAT: Configuration [0-7]: WB  WT  UC- UC  WB  WT  UC- UC  
[    0.000000] found SMP MP-table at [mem 0x0009fff0-0x0009ffff] mapped at [        (ptrval)]
[    0.000000] Scanning 1 areas for low memory corruption
[    0.000000] RAMDISK: [mem 0x35a93000-0x36d40fff]
[    0.000000] ACPI: Early table checksum verification disabled
[    0.000000] ACPI: RSDP 0x00000000000E0000 000024 (v02 VBOX  )
[    0.000000] ACPI: XSDT 0x000000007FFF0030 00003C (v01 VBOX   VBOXXSDT 00000001 ASL  00000061)
[    0.000000] ACPI: FACP 0x000000007FFF00F0 0000F4 (v04 VBOX   VBOXFACP 00000001 ASL  00000061)
[    0.000000] ACPI: DSDT 0x000000007FFF0470 002325 (v02 VBOX   VBOXBIOS 00000002 INTL 20200214)
[    0.000000] ACPI: FACS 0x000000007FFF0200 000040
[    0.000000] ACPI: FACS 0x000000007FFF0200 000040
[    0.000000] ACPI: APIC 0x000000007FFF0240 00005C (v02 VBOX   VBOXAPIC 00000001 ASL  00000061)
[    0.000000] ACPI: SSDT 0x000000007FFF02A0 0001CC (v01 VBOX   VBOXCPUT 00000002 INTL 20200214)
[    0.000000] No NUMA configuration found
[    0.000000] Faking a node at [mem 0x0000000000000000-0x000000007ffeffff]
[    0.000000] NODE_DATA(0) allocated [mem 0x7ffc5000-0x7ffeffff]
[    0.000000] kvm-clock: cpu 0, msr 0:7ff44001, primary cpu clock
[    0.000000] kvm-clock: Using msrs 4b564d01 and 4b564d00
[    0.000000] kvm-clock: using sched offset of 3290046264 cycles
[    0.000000] clocksource: kvm-clock: mask: 0xffffffffffffffff max_cycles: 0x1cd42e4dffb, max_idle_ns: 881590591483 ns
[    0.000000] Zone ranges:
[    0.000000]   DMA      [mem 0x0000000000001000-0x0000000000ffffff]
[    0.000000]   DMA32    [mem 0x0000000001000000-0x000000007ffeffff]
[    0.000000]   Normal   empty
[    0.000000]   Device   empty
[    0.000000] Movable zone start for each node
[    0.000000] Early memory node ranges
[    0.000000]   node   0: [mem 0x0000000000001000-0x000000000009efff]
[    0.000000]   node   0: [mem 0x0000000000100000-0x000000007ffeffff]
[    0.000000] Reserved but unavailable: 114 pages
[    0.000000] Initmem setup node 0 [mem 0x0000000000001000-0x000000007ffeffff]
[    0.000000] ACPI: PM-Timer IO Port: 0x4008
[    0.000000] IOAPIC[0]: apic_id 2, version 32, address 0xfec00000, GSI 0-23
[    0.000000] ACPI: INT_SRC_OVR (bus 0 bus_irq 0 global_irq 2 dfl dfl)
[    0.000000] ACPI: INT_SRC_OVR (bus 0 bus_irq 9 global_irq 9 low level)
[    0.000000] Using ACPI (MADT) for SMP configuration information
[    0.000000] smpboot: Allowing 2 CPUs, 0 hotplug CPUs
[    0.000000] PM: Registered nosave memory: [mem 0x00000000-0x00000fff]
[    0.000000] PM: Registered nosave memory: [mem 0x0009f000-0x0009ffff]
[    0.000000] PM: Registered nosave memory: [mem 0x000a0000-0x000effff]
[    0.000000] PM: Registered nosave memory: [mem 0x000f0000-0x000fffff]
[    0.000000] e820: [mem 0x80000000-0xfebfffff] available for PCI devices
[    0.000000] Booting paravirtualized kernel on KVM
[    0.000000] clocksource: refined-jiffies: mask: 0xffffffff max_cycles: 0xffffffff, max_idle_ns: 7645519600211568 ns
[    0.000000] random: get_random_bytes called from start_kernel+0x99/0x4fd with crng_init=0
[    0.000000] setup_percpu: NR_CPUS:8192 nr_cpumask_bits:2 nr_cpu_ids:2 nr_node_ids:1
[    0.000000] percpu: Embedded 46 pages/cpu @        (ptrval) s151552 r8192 d28672 u1048576
[    0.000000] PV qspinlock hash table entries: 256 (order: 0, 4096 bytes)
[    0.000000] Built 1 zonelists, mobility grouping on.  Total pages: 515961
[    0.000000] Policy zone: DMA32
[    0.000000] Kernel command line: BOOT_IMAGE=/boot/vmlinuz-4.15.0-54-generic root=LABEL=cloudimg-rootfs ro console=tty1 console=ttyS0
[    0.000000] Memory: 2015648K/2096696K available (12300K kernel code, 2473K rwdata, 4272K rodata, 2408K init, 2416K bss, 81048K reserved, 0K cma-reserved)
[    0.000000] SLUB: HWalign=64, Order=0-3, MinObjects=0, CPUs=2, Nodes=1
[    0.000000] Kernel/User page tables isolation: enabled
[    0.000000] ftrace: allocating 39216 entries in 154 pages
[    0.004000] Hierarchical RCU implementation.
[    0.004000] 	RCU restricting CPUs from NR_CPUS=8192 to nr_cpu_ids=2.
[    0.004000] 	Tasks RCU enabled.
[    0.004000] RCU: Adjusting geometry for rcu_fanout_leaf=16, nr_cpu_ids=2
[    0.004000] NR_IRQS: 524544, nr_irqs: 440, preallocated irqs: 16
[    0.004000] Console: colour VGA+ 80x25
[    0.004000] console [tty1] enabled
[    0.004000] console [ttyS0] enabled
[    0.004000] ACPI: Core revision 20170831
[    0.004000] ACPI: 2 ACPI AML tables successfully acquired and loaded
[    0.004000] APIC: Switch to symmetric I/O mode setup
[    0.004000] x2apic enabled
[    0.004000] Switched APIC routing to physical x2apic.
[    0.004000] ..TIMER: vector=0x30 apic1=0 pin1=2 apic2=-1 pin2=-1
[    0.004004] tsc: Detected 1991.991 MHz processor
[    0.004681] Calibrating delay loop (skipped) preset value.. 3983.98 BogoMIPS (lpj=7967964)
[    0.005229] pid_max: default: 32768 minimum: 301
[    0.006030] Security Framework initialized
[    0.006698] Yama: becoming mindful.
[    0.008031] AppArmor: AppArmor initialized
[    0.009438] Dentry cache hash table entries: 262144 (order: 9, 2097152 bytes)
[    0.011166] Inode-cache hash table entries: 131072 (order: 8, 1048576 bytes)
[    0.012035] Mount-cache hash table entries: 4096 (order: 3, 32768 bytes)
[    0.013038] Mountpoint-cache hash table entries: 4096 (order: 3, 32768 bytes)
[    0.014328] mce: CPU supports 0 MCE banks
[    0.014994] Last level iTLB entries: 4KB 64, 2MB 8, 4MB 8
[    0.016002] Last level dTLB entries: 4KB 64, 2MB 0, 4MB 0, 1GB 4
[    0.016888] Spectre V2 : Mitigation: Full generic retpoline
[    0.017679] Spectre V2 : Spectre v2 / SpectreRSB mitigation: Filling RSB on context switch
[    0.018908] Speculative Store Bypass: Vulnerable
[    0.020053] MDS: Mitigation: Clear CPU buffers
[    0.020809] Freeing SMP alternatives memory: 36K
[    0.024000] smpboot: CPU0: Intel(R) Core(TM) i7-8550U CPU @ 1.80GHz (family: 0x6, model: 0x8e, stepping: 0xa)
[    0.024000] Performance Events: unsupported p6 CPU model 142 no PMU driver, software events only.
[    0.024000] Hierarchical SRCU implementation.
[    0.024507] NMI watchdog: Perf event create on CPU 0 failed with -2
[    0.025428] NMI watchdog: Perf NMI watchdog permanently disabled
[    0.026374] smp: Bringing up secondary CPUs ...
[    0.027212] x86: Booting SMP configuration:
[    0.027888] .... node  #0, CPUs:      #1
[    0.004000] kvm-clock: cpu 1, msr 0:7ff44041, secondary cpu clock
[    0.004000] mce: CPU supports 0 MCE banks
[    0.031843] smp: Brought up 1 node, 2 CPUs
[    0.032005] smpboot: Max logical packages: 1
[    0.032648] smpboot: Total of 2 processors activated (7967.96 BogoMIPS)
[    0.033991] devtmpfs: initialized
[    0.033991] x86/mm: Memory block size: 128MB
[    0.036238] evm: security.selinux
[    0.036769] evm: security.SMACK64
[    0.037355] evm: security.SMACK64EXEC
[    0.037954] evm: security.SMACK64TRANSMUTE
[    0.038573] evm: security.SMACK64MMAP
[    0.039206] evm: security.apparmor
[    0.040003] evm: security.ima
[    0.041193] evm: security.capability
[    0.041785] clocksource: jiffies: mask: 0xffffffff max_cycles: 0xffffffff, max_idle_ns: 7645041785100000 ns
[    0.044012] futex hash table entries: 512 (order: 3, 32768 bytes)
[    0.045079] pinctrl core: initialized pinctrl subsystem
[    0.046016] RTC time:  3:15:59, date: 07/02/20
[    0.046970] NET: Registered protocol family 16
[    0.047827] audit: initializing netlink subsys (disabled)
[    0.048033] audit: type=2000 audit(1593659764.412:1): state=initialized audit_enabled=0 res=1
[    0.049325] cpuidle: using governor ladder
[    0.049325] cpuidle: using governor menu
[    0.049325] ACPI: bus type PCI registered
[    0.052008] acpiphp: ACPI Hot Plug PCI Controller Driver version: 0.5
[    0.053084] PCI: Using configuration type 1 for base access
[    0.056048] HugeTLB registered 2.00 MiB page size, pre-allocated 0 pages
[    0.057388] ACPI: Added _OSI(Module Device)
[    0.060006] ACPI: Added _OSI(Processor Device)
[    0.060860] ACPI: Added _OSI(3.0 _SCP Extensions)
[    0.061765] ACPI: Added _OSI(Processor Aggregator Device)
[    0.062927] ACPI: Added _OSI(Linux-Dell-Video)
[    0.063773] ACPI: Added _OSI(Linux-Lenovo-NV-HDMI-Audio)
[    0.064009] ACPI: Added _OSI(Linux-HPI-Hybrid-Graphics)
[    0.065176] ACPI: Executed 1 blocks of module-level executable AML code
[    0.070524] ACPI: Interpreter enabled
[    0.071948] ACPI: (supports S0 S5)
[    0.072004] ACPI: Using IOAPIC for interrupt routing
[    0.073224] PCI: Using host bridge windows from ACPI; if necessary, use "pci=nocrs" and report a bug
[    0.075179] ACPI: Enabled 2 GPEs in block 00 to 07
[    0.082538] ACPI: PCI Root Bridge [PCI0] (domain 0000 [bus 00-ff])
[    0.083681] acpi PNP0A03:00: _OSC: OS supports [ASPM ClockPM Segments MSI]
[    0.084557] acpi PNP0A03:00: _OSC: not requesting OS control; OS requires [ExtendedConfig ASPM ClockPM MSI]
[    0.086012] acpi PNP0A03:00: fail to add MMCONFIG information, can't access extended PCI configuration space under this bridge.
[    0.088357] PCI host bridge to bus 0000:00
[    0.089063] pci_bus 0000:00: root bus resource [io  0x0000-0x0cf7 window]
[    0.090209] pci_bus 0000:00: root bus resource [io  0x0d00-0xffff window]
[    0.092004] pci_bus 0000:00: root bus resource [mem 0x000a0000-0x000bffff window]
[    0.093124] pci_bus 0000:00: root bus resource [mem 0x80000000-0xfdffffff window]
[    0.094307] pci_bus 0000:00: root bus resource [bus 00-ff]
[    0.097116] pci 0000:00:01.1: legacy IDE quirk: reg 0x10: [io  0x01f0-0x01f7]
[    0.098248] pci 0000:00:01.1: legacy IDE quirk: reg 0x14: [io  0x03f6]
[    0.099357] pci 0000:00:01.1: legacy IDE quirk: reg 0x18: [io  0x0170-0x0177]
[    0.100007] pci 0000:00:01.1: legacy IDE quirk: reg 0x1c: [io  0x0376]
[    0.125701] pci 0000:00:07.0: quirk: [io  0x4000-0x403f] claimed by PIIX4 ACPI
[    0.126886] pci 0000:00:07.0: quirk: [io  0x4100-0x410f] claimed by PIIX4 SMB
[    0.135653] ACPI: PCI Interrupt Link [LNKA] (IRQs 5 9 10 *11)
[    0.136303] ACPI: PCI Interrupt Link [LNKB] (IRQs 5 9 *10 11)
[    0.137611] ACPI: PCI Interrupt Link [LNKC] (IRQs 5 *9 10 11)
[    0.138831] ACPI: PCI Interrupt Link [LNKD] (IRQs 5 9 10 *11)
[    0.140482] SCSI subsystem initialized
[    0.141259] pci 0000:00:02.0: vgaarb: setting as boot VGA device
[    0.141259] pci 0000:00:02.0: vgaarb: VGA device added: decodes=io+mem,owns=io+mem,locks=none
[    0.144005] pci 0000:00:02.0: vgaarb: bridge control possible
[    0.145042] vgaarb: loaded
[    0.145621] ACPI: bus type USB registered
[    0.146415] usbcore: registered new interface driver usbfs
[    0.148016] usbcore: registered new interface driver hub
[    0.149000] usbcore: registered new device driver usb
[    0.150067] EDAC MC: Ver: 3.0.0
[    0.150067] PCI: Using ACPI for IRQ routing
[    0.152255] NetLabel: Initializing
[    0.152930] NetLabel:  domain hash size = 128
[    0.153738] NetLabel:  protocols = UNLABELED CIPSOv4 CALIPSO
[    0.154839] NetLabel:  unlabeled traffic allowed by default
[    0.156167] clocksource: Switched to clocksource kvm-clock
[    0.169990] VFS: Disk quotas dquot_6.6.0
[    0.170832] VFS: Dquot-cache hash table entries: 512 (order 0, 4096 bytes)
[    0.172283] AppArmor: AppArmor Filesystem Enabled
[    0.173207] pnp: PnP ACPI init
[    0.174774] pnp: PnP ACPI: found 3 devices
[    0.185582] clocksource: acpi_pm: mask: 0xffffff max_cycles: 0xffffff, max_idle_ns: 2085701024 ns
[    0.187019] NET: Registered protocol family 2
[    0.187938] TCP established hash table entries: 16384 (order: 5, 131072 bytes)
[    0.189130] TCP bind hash table entries: 16384 (order: 6, 262144 bytes)
[    0.190740] TCP: Hash tables configured (established 16384 bind 16384)
[    0.191759] UDP hash table entries: 1024 (order: 3, 32768 bytes)
[    0.192673] UDP-Lite hash table entries: 1024 (order: 3, 32768 bytes)
[    0.193699] NET: Registered protocol family 1
[    0.194441] pci 0000:00:00.0: Limiting direct PCI/PCI transfers
[    0.195411] pci 0000:00:01.0: Activating ISA DMA hang workarounds
[    0.196363] pci 0000:00:02.0: Video device with shadowed ROM at [mem 0x000c0000-0x000dffff]
[    0.197697] Unpacking initramfs...
[    0.479951] Freeing initrd memory: 19128K
[    0.480862] clocksource: tsc: mask: 0xffffffffffffffff max_cycles: 0x396d40afd3d, max_idle_ns: 881590607686 ns
[    0.482347] platform rtc_cmos: registered platform RTC device (no PNP device found)
[    0.483517] Scanning for low memory corruption every 60 seconds
[    0.485297] Initialise system trusted keyrings
[    0.486131] Key type blacklist registered
[    0.486950] workingset: timestamp_bits=36 max_order=19 bucket_order=0
[    0.489001] zbud: loaded
[    0.490118] squashfs: version 4.0 (2009/01/31) Phillip Lougher
[    0.491381] fuse init (API version 7.26)
[    0.501504] Key type asymmetric registered
[    0.502180] Asymmetric key parser 'x509' registered
[    0.503073] Block layer SCSI generic (bsg) driver version 0.4 loaded (major 246)
[    0.504304] io scheduler noop registered
[    0.504962] io scheduler deadline registered
[    0.505747] io scheduler cfq registered (default)
[    0.506880] ACPI: AC Adapter [AC] (off-line)
[    0.507635] input: Power Button as /devices/LNXSYSTM:00/LNXPWRBN:00/input/input0
[    0.508906] ACPI: Power Button [PWRF]
[    0.509542] input: Sleep Button as /devices/LNXSYSTM:00/LNXSLPBN:00/input/input1
[    0.511060] ACPI: Sleep Button [SLPF]
[    0.513632] ACPI: Battery Slot [BAT0] (battery present)
[    0.514679] Serial: 8250/16550 driver, 32 ports, IRQ sharing enabled
[    0.536391] 00:02: ttyS0 at I/O 0x3f8 (irq = 4, base_baud = 115200) is a 16550A
[    0.540841] Linux agpgart interface v0.103
[    0.543282] loop: module loaded
[    0.544426] scsi host0: ata_piix
[    0.545112] scsi host1: ata_piix
[    0.545795] ata1: PATA max UDMA/33 cmd 0x1f0 ctl 0x3f6 bmdma 0xd000 irq 14
[    0.546926] ata2: PATA max UDMA/33 cmd 0x170 ctl 0x376 bmdma 0xd008 irq 15
[    0.548165] libphy: Fixed MDIO Bus: probed
[    0.548895] tun: Universal TUN/TAP device driver, 1.6
[    0.550130] PPP generic driver version 2.4.2
[    0.551822] ehci_hcd: USB 2.0 'Enhanced' Host Controller (EHCI) Driver
[    0.553117] ehci-pci: EHCI PCI platform driver
[    0.553999] ehci-platform: EHCI generic platform driver
[    0.555144] ohci_hcd: USB 1.1 'Open' Host Controller (OHCI) Driver
[    0.556347] ohci-pci: OHCI PCI platform driver
[    0.557238] ohci-platform: OHCI generic platform driver
[    0.558314] uhci_hcd: USB Universal Host Controller Interface driver
[    0.559398] i8042: PNP: PS/2 Controller [PNP0303:PS2K,PNP0f03:PS2M] at 0x60,0x64 irq 1,12
[    0.561218] serio: i8042 KBD port at 0x60,0x64 irq 1
[    0.561990] serio: i8042 AUX port at 0x60,0x64 irq 12
[    0.563057] mousedev: PS/2 mouse device common for all mice
[    0.564628] input: AT Translated Set 2 keyboard as /devices/platform/i8042/serio0/input/input2
[    0.566119] rtc_cmos rtc_cmos: rtc core: registered rtc_cmos as rtc0
[    0.567071] rtc_cmos rtc_cmos: alarms up to one day, 114 bytes nvram
[    0.568144] i2c /dev entries driver
[    0.568882] device-mapper: uevent: version 1.0.3
[    0.569769] device-mapper: ioctl: 4.37.0-ioctl (2017-09-20) initialised: dm-devel@redhat.com
[    0.571196] ledtrig-cpu: registered to indicate activity on CPUs
[    0.572593] NET: Registered protocol family 10
[    0.577257] Segment Routing with IPv6
[    0.577915] NET: Registered protocol family 17
[    0.578718] Key type dns_resolver registered
[    0.579626] RAS: Correctable Errors collector initialized.
[    0.580503] sched_clock: Marking stable (580469690, 0)->(841706741, -261237051)
[    0.582108] registered taskstats version 1
[    0.582771] Loading compiled-in X.509 certificates
[    0.586001] Loaded X.509 cert 'Build time autogenerated kernel key: 1cc14bc8298a06d551159822c55fa35abd77a621'
[    0.587606] zswap: loaded using pool lzo/zbud
[    0.592212] Key type big_key registered
[    0.593085] Key type trusted registered
[    0.595667] Key type encrypted registered
[    0.596537] AppArmor: AppArmor sha1 policy hashing enabled
[    0.597604] ima: No TPM chip found, activating TPM-bypass! (rc=-19)
[    0.598837] ima: Allocated hash algorithm: sha1
[    0.599714] evm: HMAC attrs: 0x1
[    0.600603]   Magic number: 12:190:259
[    0.601474] rtc_cmos rtc_cmos: setting system clock to 2020-07-02 03:16:00 UTC (1593659760)
[    0.603235] BIOS EDD facility v0.16 2004-Jun-25, 0 devices found
[    0.604550] EDD information not available.
[    0.745231] Freeing unused kernel image memory: 2408K
[    0.756178] Write protecting the kernel read-only data: 20480k
[    0.759057] Freeing unused kernel image memory: 2008K
[    0.761092] Freeing unused kernel image memory: 1872K
[    0.775684] x86/mm: Checked W+X mappings: passed, no W+X pages found.
[    0.777567] x86/mm: Checking user space page tables
[    0.787259] x86/mm: Checked W+X mappings: passed, no W+X pages found.
Loading, please wait...
starting version 237
[    0.858694] Fusion MPT base driver 3.04.20
[    0.859426] Copyright (c) 1999-2008 LSI Corporation
[    0.869807] Fusion MPT SPI Host driver 3.04.20
[    0.874799] AVX2 version of gcm_enc/dec engaged.
[    0.875001] e1000: Intel(R) PRO/1000 Network Driver - version 7.3.21-k8-NAPI
[    0.875002] e1000: Copyright (c) 1999-2006 Intel Corporation.
[    0.877913] AES CTR mode by8 optimization enabled
[    0.886186] mptbase: ioc0: Initiating bringup
[    0.984194] ioc0: LSI53C1030 A0: Capabilities={Initiator}
[    1.073932] input: ImExPS/2 Generic Explorer Mouse as /devices/platform/i8042/serio1/input/input4
[    1.238750] scsi host2: ioc0: LSI53C1030 A0, FwRev=00000000h, Ports=1, MaxQ=256, IRQ=20
[    1.409600] scsi 2:0:0:0: Direct-Access     VBOX     HARDDISK         1.0  PQ: 0 ANSI: 5
[    1.444092] scsi target2:0:0: Beginning Domain Validation
[    1.491542] scsi target2:0:0: Domain Validation skipping write tests
[    1.492689] scsi target2:0:0: Ending Domain Validation
[    1.500132] scsi target2:0:0: asynchronous
[    1.502006] scsi 2:0:1:0: Direct-Access     VBOX     HARDDISK         1.0  PQ: 0 ANSI: 5
[    1.632117] scsi target2:0:1: Beginning Domain Validation
[    1.634081] random: fast init done
[    1.634712] scsi target2:0:1: Domain Validation skipping write tests
[    1.635621] scsi target2:0:1: Ending Domain Validation
[    1.636535] scsi target2:0:1: asynchronous
[    1.640452] sd 2:0:0:0: Attached scsi generic sg0 type 0
[    1.640488] random: systemd-udevd: uninitialized urandom read (16 bytes read)
[    1.640506] random: systemd-udevd: uninitialized urandom read (16 bytes read)
[    1.640511] random: systemd-udevd: uninitialized urandom read (16 bytes read)
[    1.645955] sd 2:0:1:0: Attached scsi generic sg1 type 0
[    1.645969] sd 2:0:0:0: [sda] 20971520 512-byte logical blocks: (10.7 GB/10.0 GiB)
[    1.650225] sd 2:0:0:0: [sda] Write Protect is off
[    1.652083] sd 2:0:1:0: [sdb] 20480 512-byte logical blocks: (10.5 MB/10.0 MiB)
[    1.653405] sd 2:0:0:0: [sda] Incomplete mode parameter data
[    1.654491] sd 2:0:0:0: [sda] Assuming drive cache: write through
[    1.655814] sd 2:0:1:0: [sdb] Write Protect is off
[    1.657142] sd 2:0:1:0: [sdb] Incomplete mode parameter data
[    1.658314] sd 2:0:1:0: [sdb] Assuming drive cache: write through
[    1.661013]  sda: sda1
[    1.662213] sd 2:0:1:0: [sdb] Attached SCSI disk
[    1.664882] sd 2:0:0:0: [sda] Attached SCSI disk
[    1.808519] e1000 0000:00:03.0 eth0: (PCI:33MHz:32-bit) 02:a1:18:c3:c8:11
[    1.809937] e1000 0000:00:03.0 eth0: Intel(R) PRO/1000 Network Connection
[    1.812368] e1000 0000:00:03.0 enp0s3: renamed from eth0
Begin: Loading essential drivers ... [    3.728058] raid6: sse2x1   gen() 10336 MB/s
[    3.776051] raid6: sse2x1   xor()  7422 MB/s
[    3.824075] raid6: sse2x2   gen() 12431 MB/s
[    3.872024] raid6: sse2x2   xor()  8422 MB/s
[    3.920073] raid6: sse2x4   gen() 14484 MB/s
[    3.968075] raid6: sse2x4   xor()  9236 MB/s
[    4.016057] raid6: avx2x1   gen() 20139 MB/s
[    4.064066] raid6: avx2x1   xor() 14143 MB/s
[    4.112051] raid6: avx2x2   gen() 23759 MB/s
[    4.160050] raid6: avx2x2   xor() 15331 MB/s
[    4.208055] raid6: avx2x4   gen() 28036 MB/s
[    4.256045] raid6: avx2x4   xor() 17499 MB/s
[    4.256753] raid6: using algorithm avx2x4 gen() 28036 MB/s
[    4.257600] raid6: .... xor() 17499 MB/s, rmw enabled
[    4.258454] raid6: using avx2x2 recovery algorithm
[    4.260514] xor: automatically using best checksumming function   avx       
[    4.263079] async_tx: api initialized (async)
done.
Begin: Running /scripts/init-premount ... done.
Begin: Mounting root file system ... Begin: Running /scripts/local-top ... done.
Begin: Running /scripts/local-premount ... [    4.311645] Btrfs loaded, crc32c=crc32c-intel
Scanning for Btrfs filesystems
done.
Warning: fsck not present, so skipping root file system
[    4.344062] EXT4-fs (sda1): mounted filesystem with ordered data mode. Opts: (null)
done.
Begin: Running /scripts/local-bottom ... done.
Begin: Running /scripts/init-bottom ... done.
[    4.549864] ip_tables: (C) 2000-2006 Netfilter Core Team
[    4.565442] systemd[1]: systemd 237 running in system mode. (+PAM +AUDIT +SELINUX +IMA +APPARMOR +SMACK +SYSVINIT +UTMP +LIBCRYPTSETUP +GCRYPT +GNUTLS +ACL +XZ +LZ4 +SECCOMP +BLKID +ELFUTILS +KMOD -IDN2 +IDN -PCRE2 default-hierarchy=hybrid)
[    4.572444] systemd[1]: Detected virtualization oracle.
[    4.574067] systemd[1]: Detected architecture x86-64.

Welcome to [1mUbuntu 18.04.2 LTS[0m!

[    4.586270] systemd[1]: Set hostname to <ubuntu>.
[    4.591807] systemd[1]: Initializing machine ID from random generator.
[    4.593562] systemd[1]: Installed transient /etc/machine-id file.
[    4.909918] systemd[1]: Set up automount Arbitrary Executable File Formats File System Automount Point.
[[0;32m  OK  [0m] Set up automount Arbitrary Executab…rmats File System Automount Point.
[    4.913761] systemd[1]: Reached target Swap.
[[0;32m  OK  [0m] Reached target Swap.
[    4.915818] systemd[1]: Reached target User and Group Name Lookups.
[[0;32m  OK  [0m] Reached target User and Group Name Lookups.
[    4.921373] systemd[1]: Created slice User and Session Slice.
[[0;32m  OK  [0m] Created slice User and Session Slice.
[[0;32m  OK  [0m] Started Forward Password Requests to Wall Directory Watch.
[[0;32m  OK  [0m] Reached target System Time Synchronized.
[[0;32m  OK  [0m] Created slice System Slice.
[[0;32m  OK  [0m] Listening on Syslog Socket.
[[0;32m  OK  [0m] Listening on LVM2 metadata daemon socket.
[[0;32m  OK  [0m] Listening on Network Service Netlink Socket.
[[0;32m  OK  [0m] Listening on LVM2 poll daemon socket.
[[0;32m  OK  [0m] Listening on udev Control Socket.
[[0;32m  OK  [0m] Listening on Journal Socket (/dev/log).
[[0;32m  OK  [0m] Created slice system-serial\x2dgetty.slice.
[[0;32m  OK  [0m] Listening on Device-mapper event daemon FIFOs.
[[0;32m  OK  [0m] Listening on Journal Audit Socket.
[[0;32m  OK  [0m] Listening on Journal Socket.
         Starting Set the console keyboard layout...
         Starting Journal Service...
         Starting Load Kernel Modules...
         Starting Monitoring of LVM2 mirrors…ng dmeventd or progress polling...
         Mounting POSIX Message Queue File System...
         Mounting Huge Pages File System...
         Starting Create list of required st…ce nodes for the current kernel...
[    5.015590] Loading iSCSI transport class v2.0-870.
[    5.025993] iscsi: registered transport (tcp)
         Mounting Kernel Debug File System...
[[0;32m  OK  [0m] Listening on udev Kernel Socket.
         Starting udev Coldplug all Devices...
[[0;32m  OK  [0m] Reached target Slices.
[[0;32m  OK  [0m] Listening on /dev/initctl Compatibility Named Pipe.
         Starting Uncomplicated firewall...
         Starting Remount Root and Kernel File Systems...
[[0;32m  OK  [0m] Started Create list of required sta…vice nodes for the current kernel.
         Starting Create Static Device Nodes in /dev...
[[0;32m  OK  [0m] Started Journal Service.
[    5.100998] iscsi: registered transport (iser)
[[0;32m  OK  [0m] Started Load Kernel Modules.
         Mounting Kernel Configuration File System...
         Starting Apply Kernel Variables...
         Mounting FUSE Control File System...
[[0;32m  OK  [0m] Started Uncomplicated firewall.
[[0;32m  OK  [0m] Started Create Static Device Nodes in /dev.
[[0;32m  OK  [0m] Started udev Coldplug all Devices.
[[0;32m  OK  [0m] Started Apply Kernel Variables.
[[0;32m  OK  [0m] Mounted POSIX Message Queue File System.
[[0;32m  OK  [0m] Mounted Huge Pages File System.
[[0;32m  OK  [0m] Mounted Kernel Debug File System.
[[0;32m  OK  [0m] Mounted Kernel Configuration File System.
[[0;32m  OK  [0m] Mounted FUSE Control File System.
[[0;32m  OK  [0m] Started Remount Root and Kernel File Systems.
         Starting Load/Save Random Seed...
         Starting Flush Journal to Persistent Storage...
         Starting udev Kernel Device Manager...
[[0;32m  OK  [0m] Started Load/Save Random Seed.
[[0;32m  OK  [0m] Started LVM2 metadata daemon.
[[0;32m  OK  [0m] Started udev Kernel Device Manager.
[[0;32m  OK  [0m] Started Monitoring of LVM2 mirrors,…sing dmeventd or progress polling.
[[0;32m  OK  [0m] Started Flush Journal to Persistent Storage.
[[0;32m  OK  [0m] Found device /dev/ttyS0.
[[0;32m  OK  [0m] Listening on Load/Save RF Kill Switch Status /dev/rfkill Watch.
[[0;32m  OK  [0m] Started Set the console keyboard layout.
[[0;32m  OK  [0m] Reached target Local File Systems (Pre).
[[0;32m  OK  [0m] Reached target Local File Systems.
         Starting Create Volatile Files and Directories...
         Starting Set console font and keymap...
         Starting Commit a transient machine-id on disk...
         Starting Tell Plymouth To Write Out Runtime Data...
         Starting AppArmor initialization...
         Starting ebtables ruleset management...
[[0;32m  OK  [0m] Started Dispatch Password Requests to Console Directory Watch.
[[0;32m  OK  [0m] Reached target Local Encrypted Volumes.
[[0;32m  OK  [0m] Started Tell Plymouth To Write Out Runtime Data.
[[0;32m  OK  [0m] Started Create Volatile Files and Directories.
         Starting Update UTMP about System Boot/Shutdown...
[[0;32m  OK  [0m] Started Set console font and keymap.
[[0;32m  OK  [0m] Started Update UTMP about System Boot/Shutdown.
[[0;32m  OK  [0m] Started Commit a transient machine-id on disk.
[[0;32m  OK  [0m] Started ebtables ruleset management.
[[0;32m  OK  [0m] Started AppArmor initialization.
         Starting Initial cloud-init job (pre-networking)...
[    8.133327] cloud-init[642]: Cloud-init v. 19.1-1-gbaa47854-0ubuntu1~18.04.1 running 'init-local' at Thu, 02 Jul 2020 03:16:07 +0000. Up 7.74 seconds.
[[0;32m  OK  [0m] Started Initial cloud-init job (pre-networking).
[[0;32m  OK  [0m] Reached target Network (Pre).
         Starting Network Service...
[[0;32m  OK  [0m] Started Network Service.
         Starting Network Name Resolution...
         Starting Wait for Network to be Configured...
[[0;32m  OK  [0m] Started Network Name Resolution.
[[0;32m  OK  [0m] Reached target Host and Network Name Lookups.
[[0;32m  OK  [0m] Reached target Network.
[[0;32m  OK  [0m] Started Wait for Network to be Configured.
         Starting Initial cloud-init job (metadata service crawler)...
[   10.150461] cloud-init[758]: Cloud-init v. 19.1-1-gbaa47854-0ubuntu1~18.04.1 running 'init' at Thu, 02 Jul 2020 03:16:09 +0000. Up 10.00 seconds.
[   10.151670] cloud-init[758]: ci-info: ++++++++++++++++++++++++++++++++++++++Net device info++++++++++++++++++++++++++++++++++++++
[   10.152733] cloud-init[758]: ci-info: +--------+------+----------------------------+---------------+--------+-------------------+
[   10.153947] cloud-init[758]: ci-info: | Device |  Up  |          Address           |      Mask     | Scope  |     Hw-Address    |
[   10.155221] cloud-init[758]: ci-info: +--------+------+----------------------------+---------------+--------+-------------------+
[   10.168293] cloud-init[758]: ci-info: | enp0s3 | True |         10.0.2.15          | 255.255.255.0 | global | 02:a1:18:c3:c8:11 |
[   10.169787] cloud-init[758]: ci-info: | enp0s3 | True | fe80::a1:18ff:fec3:c811/64 |       .       |  link  | 02:a1:18:c3:c8:11 |
[   10.170897] cloud-init[758]: ci-info: |   lo   | True |         127.0.0.1          |   255.0.0.0   |  host  |         .         |
[   10.172365] cloud-init[758]: ci-info: |   lo   | True |          ::1/128           |       .       |  host  |         .         |
[   10.173625] cloud-init[758]: ci-info: +--------+------+----------------------------+---------------+--------+-------------------+
[   10.184807] cloud-init[758]: ci-info: ++++++++++++++++++++++++++++Route IPv4 info+++++++++++++++++++++++++++++
[   10.188266] cloud-init[758]: ci-info: +-------+-------------+----------+-----------------+-----------+-------+
[   10.191024] cloud-init[758]: ci-info: | Route | Destination | Gateway  |     Genmask     | Interface | Flags |
[   10.193671] cloud-init[758]: ci-info: +-------+-------------+----------+-----------------+-----------+-------+
[   10.196500] cloud-init[758]: ci-info: |   0   |   0.0.0.0   | 10.0.2.2 |     0.0.0.0     |   enp0s3  |   UG  |
[   10.201508] cloud-init[758]: ci-info: |   1   |   10.0.2.0  | 0.0.0.0  |  255.255.255.0  |   enp0s3  |   U   |
[   10.204078] cloud-init[758]: ci-info: |   2   |   10.0.2.2  | 0.0.0.0  | 255.255.255.255 |   enp0s3  |   UH  |
[   10.206566] cloud-init[758]: ci-info: +-------+-------------+----------+-----------------+-----------+-------+
[   10.208461] cloud-init[758]: ci-info: +++++++++++++++++++Route IPv6 info+++++++++++++++++++
[   10.210558] cloud-init[758]: ci-info: +-------+-------------+---------+-----------+-------+
[   10.212473] cloud-init[758]: ci-info: | Route | Destination | Gateway | Interface | Flags |
[   10.214125] cloud-init[758]: ci-info: +-------+-------------+---------+-----------+-------+
[   10.216006] cloud-init[758]: ci-info: |   1   |  fe80::/64  |    ::   |   enp0s3  |   U   |
[   10.217569] cloud-init[758]: ci-info: |   3   |    local    |    ::   |   enp0s3  |   U   |
[   10.219097] cloud-init[758]: ci-info: |   4   |   ff00::/8  |    ::   |   enp0s3  |   U   |
[   10.220430] cloud-init[758]: ci-info: +-------+-------------+---------+-----------+-------+
[   10.945335] cloud-init[758]: Generating public/private rsa key pair.
[   10.946369] cloud-init[758]: Your identification has been saved in /etc/ssh/ssh_host_rsa_key.
[   10.947674] cloud-init[758]: Your public key has been saved in /etc/ssh/ssh_host_rsa_key.pub.
[   10.949049] cloud-init[758]: The key fingerprint is:
[   10.949785] cloud-init[758]: SHA256:AIeQQ4kyAZYd75XIB1Akwk5IOSPtkTaKuXVfE4UL12E root@ubuntu-bionic
[   10.950964] cloud-init[758]: The key's randomart image is:
[   10.951877] cloud-init[758]: +---[RSA 2048]----+
[   10.952655] cloud-init[758]: |BO*O*=.  +E.     |
[   10.953400] cloud-init[758]: |BB@.=o+ =..      |
[   10.954104] cloud-init[758]: |**o+ +.* o       |
[   10.954583] cloud-init[758]: |+.o o o.+        |
[   10.955120] cloud-init[758]: | o . o .S.       |
[   10.955667] cloud-init[758]: |.     .          |
[   10.956154] cloud-init[758]: |                 |
[   10.956731] cloud-init[758]: |                 |
[   10.957105] cloud-init[758]: |                 |
[   10.957542] cloud-init[758]: +----[SHA256]-----+
[   10.958105] cloud-init[758]: Generating public/private dsa key pair.
[   10.958879] cloud-init[758]: Your identification has been saved in /etc/ssh/ssh_host_dsa_key.
[   10.959668] cloud-init[758]: Your public key has been saved in /etc/ssh/ssh_host_dsa_key.pub.
[   10.960470] cloud-init[758]: The key fingerprint is:
[   10.961048] cloud-init[758]: SHA256:0gHbYmTwUrTHFhJoH8kTFkEcJV7fIEAcfQVllzX8nIo root@ubuntu-bionic
[   10.962000] cloud-init[758]: The key's randomart image is:
[   10.962581] cloud-init[758]: +---[DSA 1024]----+
[   10.963160] cloud-init[758]: |    .X^%= o++ o+.|
[   10.963719] cloud-init[758]: |    oBBX.+.+ ....|
[   10.964172] cloud-init[758]: |   ...Bo*.. .  .o|
[   10.964720] cloud-init[758]: |     o.= .     .o|
[   10.965250] cloud-init[758]: |      . S   . .  |
[   10.965724] cloud-init[758]: |       .   E .   |
[   10.966169] cloud-init[758]: |                 |
[   10.966597] cloud-init[758]: |                 |
[   10.967123] cloud-init[758]: |                 |
[   10.967606] cloud-init[758]: +----[SHA256]-----+
[   10.968183] cloud-init[758]: Generating public/private ecdsa key pair.
[   10.968779] cloud-init[758]: Your identification has been saved in /etc/ssh/ssh_host_ecdsa_key.
[   10.980623] cloud-init[758]: Your public key has been saved in /etc/ssh/ssh_host_ecdsa_key.pub.
[   10.982231] cloud-init[758]: The key fingerprint is:
[   10.983221] cloud-init[758]: SHA256:Mp4HAZfjXktdCAe3xNLZ04DCQoZNZxl24PB122gGcus root@ubuntu-bionic
[   10.984885] cloud-init[758]: The key's randomart image is:
[   10.985836] cloud-init[758]: +---[ECDSA 256]---+
[   10.986239] cloud-init[758]: |    .=*oXOO=oo   |
[   10.986796] cloud-init[758]: |    .+=B=O*=++.  |
[   10.996467] cloud-init[758]: |     ..oo+o.=..  |
[   10.997060] cloud-init[758]: |      ..o..o     |
[   10.997675] cloud-init[758]: |     .+oS.E      |
[   10.998230] cloud-init[758]: |     ..=.        |
[   10.998967] cloud-init[758]: |      o .        |
[   10.999630] cloud-init[758]: |       .         |
[   11.000368] cloud-init[758]: |                 |
[   11.000905] cloud-init[758]: +----[SHA256]-----+
[   11.001584] cloud-init[758]: Generating public/private ed25519 key pair.
[   11.002478] cloud-init[758]: Your identification has been saved in /etc/ssh/ssh_host_ed25519_key.
[   11.003526] cloud-init[758]: Your public key has been saved in /etc/ssh/ssh_host_ed25519_key.pub.
[   11.004597] cloud-init[758]: The key fingerprint is:
[   11.005311] cloud-init[758]: SHA256:7qUpmuL9VVGfC5yST1WObrSse1JO3XaWRE0R5njODRs root@ubuntu-bionic
[   11.006474] cloud-init[758]: The key's randomart image is:
[   11.007140] cloud-init[758]: +--[ED25519 256]--+
[   11.007750] cloud-init[758]: |            . .**|
[   11.008234] cloud-init[758]: |           + ++=.|
[   11.008796] cloud-init[758]: |          + =.Eo.|
[   11.009467] cloud-init[758]: |           = =+B.|
[   11.010021] cloud-init[758]: |        S . . O++|
[   11.010748] cloud-init[758]: |       . .   oo.*|
[   11.011488] cloud-init[758]: |        o . .+ o.|
[   11.012183] cloud-init[758]: |  .. ..o +  ..o  |
[   11.012857] cloud-init[758]: | ...+o..+   .o   |
[   11.013518] cloud-init[758]: +----[SHA256]-----+
[[0;32m  OK  [0m] Started Initial cloud-init job (metadata service crawler).
[[0;32m  OK  [0m] Reached target System Initialization.
[[0;32m  OK  [0m] Started ACPI Events Check.
[[0;32m  OK  [0m] Listening on Open-iSCSI iscsid Socket.
[[0;32m  OK  [0m] Reached target Paths.
[[0;32m  OK  [0m] Started Message of the Day.
[[0;32m  OK  [0m] Listening on ACPID Listen Socket.
[[0;32m  OK  [0m] Started Discard unused blocks once a week.
[[0;32m  OK  [0m] Listening on UUID daemon activation socket.
         Starting Socket activation for snappy daemon.
[[0;32m  OK  [0m] Listening on D-Bus System Message Bus Socket.
         Starting LXD - unix socket.
[[0;32m  OK  [0m] Started Daily Cleanup of Temporary Directories.
[[0;32m  OK  [0m] Started Daily apt download activities.
[[0;32m  OK  [0m] Started Daily apt upgrade and clean activities.
[[0;32m  OK  [0m] Reached target Timers.
[[0;32m  OK  [0m] Reached target Network is Online.
[[0;32m  OK  [0m] Reached target Remote File Systems (Pre).
[[0;32m  OK  [0m] Reached target Remote File Systems.
         Starting Availability of block devices...
[[0;32m  OK  [0m] Reached target Cloud-config availability.
[[0;32m  OK  [0m] Listening on Socket activation for snappy daemon.
[[0;32m  OK  [0m] Listening on LXD - unix socket.
[[0;32m  OK  [0m] Reached target Sockets.
[[0;32m  OK  [0m] Reached target Basic System.
         Starting System Logging Service...
         Starting Permit User Sessions...
         Starting Login Service...
[[0;32m  OK  [0m] Started FUSE filesystem for LXC.
         Starting LSB: automatic crash report generation...
         Starting Pollinate to seed the pseudo random number generator...
         Starting Accounts Service...
         Starting LSB: Record successful boot for GRUB...
[[0;32m  OK  [0m] Started irqbalance daemon.
         Starting Dispatcher daemon for systemd-networkd...
[[0;32m  OK  [0m] Started D-Bus System Message Bus.
[[0;32m  OK  [0m] Started Regular background program processing daemon.
[[0;32m  OK  [0m] Started Deferred execution scheduler.
         Starting Snappy daemon...
         Starting LXD - container startup/shutdown...
         Starting Virtualbox guest utils...
[[0;32m  OK  [0m] Started System Logging Service.
[[0;32m  OK  [0m] Started Availability of block devices.
[[0;32m  OK  [0m] Started Permit User Sessions.
[[0;32m  OK  [0m] Started Login Service.
         Starting Authorization Manager...
[[0;32m  OK  [0m] Started Unattended Upgrades Shutdown.
         Starting Terminate Plymouth Boot Screen...
         Starting Hold until boot process finishes up...
[[0;32m  OK  [0m] Started Hold until boot process finishes up.
         Starting Set console scheme...
[[0;32m  OK  [0m] Started Serial Getty on ttyS0.
[[0;32m  OK  [0m] Started Terminate Plymouth Boot Screen.
[[0;32m  OK  [0m] Started Set console scheme.
[[0;32m  OK  [0m] Started LSB: automatic crash report generation.
[[0;32m  OK  [0m] Created slice system-getty.slice.
[[0;32m  OK  [0m] Started Getty on tty1.
[[0;32m  OK  [0m] Reached target Login Prompts.
[[0;32m  OK  [0m] Started LSB: Record successful boot for GRUB.
[[0;32m  OK  [0m] Started Virtualbox guest utils.
[[0;32m  OK  [0m] Started LXD - container startup/shutdown.
[[0;32m  OK  [0m] Started Authorization Manager.
[[0;32m  OK  [0m] Started Accounts Service.
[[0;32m  OK  [0m] Started Dispatcher daemon for systemd-networkd.
[[0;32m  OK  [0m] Started Snappy daemon.
         Starting Wait until snapd is fully seeded...
[[0;32m  OK  [0m] Started Pollinate to seed the pseudo random number generator.
         Starting OpenBSD Secure Shell server...
[[0;32m  OK  [0m] Started OpenBSD Secure Shell server.
[[0;32m  OK  [0m] Created slice User Slice of vagrant.
         Starting User Manager for UID 1000...
[[0;32m  OK  [0m] Started Session 1 of user vagrant.
[[0;32m  OK  [0m] Started User Manager for UID 1000.
[[0;32m  OK  [0m] Started Wait until snapd is fully seeded.
         Starting Apply the settings specified in cloud-config...
[[0;32m  OK  [0m] Reached target Multi-User System.
[[0;32m  OK  [0m] Reached target Graphical Interface.
         Starting Update UTMP about System Runlevel Changes...
[[0;32m  OK  [0m] Started Update UTMP about System Runlevel Changes.
[   17.023120] cloud-init[1428]: Cloud-init v. 19.1-1-gbaa47854-0ubuntu1~18.04.1 running 'modules:config' at Thu, 02 Jul 2020 03:16:16 +0000. Up 16.60 seconds.

Ubuntu 18.04.2 LTS ubuntu-bionic ttyS0

ubuntu-bionic login: ci-info: no authorized ssh keys fingerprints found for user ubuntu.
<14>Jul  2 03:16:17 ec2: 
<14>Jul  2 03:16:17 ec2: #############################################################
<14>Jul  2 03:16:17 ec2: -----BEGIN SSH HOST KEY FINGERPRINTS-----
<14>Jul  2 03:16:17 ec2: 1024 SHA256:0gHbYmTwUrTHFhJoH8kTFkEcJV7fIEAcfQVllzX8nIo root@ubuntu-bionic (DSA)
<14>Jul  2 03:16:17 ec2: 256 SHA256:Mp4HAZfjXktdCAe3xNLZ04DCQoZNZxl24PB122gGcus root@ubuntu-bionic (ECDSA)
<14>Jul  2 03:16:17 ec2: 256 SHA256:7qUpmuL9VVGfC5yST1WObrSse1JO3XaWRE0R5njODRs root@ubuntu-bionic (ED25519)
<14>Jul  2 03:16:17 ec2: 2048 SHA256:AIeQQ4kyAZYd75XIB1Akwk5IOSPtkTaKuXVfE4UL12E root@ubuntu-bionic (RSA)
<14>Jul  2 03:16:17 ec2: -----END SSH HOST KEY FINGERPRINTS-----
<14>Jul  2 03:16:17 ec2: #############################################################
-----BEGIN SSH HOST KEY KEYS-----
ecdsa-sha2-nistp256 AAAAE2VjZHNhLXNoYTItbmlzdHAyNTYAAAAIbmlzdHAyNTYAAABBBE8tW0ZvXMEvb+ddfvzYj2OvWNPTH+xZrrzwWvWuauHhIGc2B/5PzTrXLpWFa5gkbzyiZ511uYgn2TIAd14QNLY= root@ubuntu-bionic
ssh-ed25519 AAAAC3NzaC1lZDI1NTE5AAAAIFmKCccBWi41TA9CnF5U9S2DXG1nLctjNyfI335V9IkR root@ubuntu-bionic
ssh-rsa AAAAB3NzaC1yc2EAAAADAQABAAABAQC3eNKY19PhcJtAGO0pSuZGQDmbZj5cHE55zu8IWxYHOjxUYGri+D80SmzlLikVAZkXbu/qTlKSQc1wBQjcvQdMToxH/urVgmC+086M7odRrRXL8ZbI3EJmKmWeEaoHtHWPYWeOTbE7c843Tr02Gb6n0AFBwTw1yTplZlF05ipZztrqvtZj0yDKPDQUGWNaPIpcg3hxwLgkBye4b7X4UoVV2yk1semADHIvZQhq39ocjwHywrIr8MZKOFE1ilZfk5YkEZjYu3cwxRlLLZH4kwkymsMzld4Xo5+89K3N21TttvMc4DCk6Ko1nUa/dDfQusPqm4TaOYphwJpXtdNYHw4X root@ubuntu-bionic
-----END SSH HOST KEY KEYS-----
[   17.679788] cloud-init[1565]: Cloud-init v. 19.1-1-gbaa47854-0ubuntu1~18.04.1 running 'modules:final' at Thu, 02 Jul 2020 03:16:17 +0000. Up 17.51 seconds.
[   17.681089] cloud-init[1565]: ci-info: no authorized ssh keys fingerprints found for user ubuntu.
[   17.681973] cloud-init[1565]: Cloud-init v. 19.1-1-gbaa47854-0ubuntu1~18.04.1 finished at Thu, 02 Jul 2020 03:16:17 +0000. Datasource DataSourceNoCloud [seed=/dev/sdb][dsmode=net].  Up 17.67 seconds
